<?xml version="1.0" encoding="UTF-8"?>
<!-- Generated by org.testng.reporters.JUnitReportReporter -->
<testsuite name="testNG.PassingParameters" tests="2" time="0.006" ignored="0" failures="0" timestamp="06 May 2017 01:01:50 GMT" skipped="1" hostname="LAPTOP-RO5NS03S" errors="1">
  <testcase name="SelectBrowser" time="0.000" classname="testNG.PassingParameters">
    <error type="org.testng.TestNGException" message="
Parameter &#039;browserName&#039; is required by BeforeTest on method SelectBrowser but has not been marked @Optional or defined
in C:\Users\solomon\AppData\Local\Temp\testng-eclipse-151748077\testng-customsuite.xml">
      <![CDATA[org.testng.TestNGException: 
Parameter 'browserName' is required by BeforeTest on method SelectBrowser but has not been marked @Optional or defined
in C:\Users\solomon\AppData\Local\Temp\testng-eclipse-151748077\testng-customsuite.xml
	at org.testng.internal.Parameters.createParameters(Parameters.java:199)
	at org.testng.internal.Parameters.createParameters(Parameters.java:443)
	at org.testng.internal.Parameters.createConfigurationParameters(Parameters.java:118)
	at org.testng.internal.Invoker.invokeConfigurations(Invoker.java:203)
	at org.testng.internal.Invoker.invokeConfigurations(Invoker.java:144)
	at org.testng.TestRunner.beforeRun(TestRunner.java:634)
	at org.testng.TestRunner.run(TestRunner.java:602)
	at org.testng.SuiteRunner.runTest(SuiteRunner.java:387)
	at org.testng.SuiteRunner.runSequentially(SuiteRunner.java:382)
	at org.testng.SuiteRunner.privateRun(SuiteRunner.java:340)
	at org.testng.SuiteRunner.run(SuiteRunner.java:289)
	at org.testng.SuiteRunnerWorker.runSuite(SuiteRunnerWorker.java:52)
	at org.testng.SuiteRunnerWorker.run(SuiteRunnerWorker.java:86)
	at org.testng.TestNG.runSuitesSequentially(TestNG.java:1293)
	at org.testng.TestNG.runSuitesLocally(TestNG.java:1218)
	at org.testng.TestNG.runSuites(TestNG.java:1133)
	at org.testng.TestNG.run(TestNG.java:1104)
	at org.testng.remote.AbstractRemoteTestNG.run(AbstractRemoteTestNG.java:132)
	at org.testng.remote.RemoteTestNG.initAndRun(RemoteTestNG.java:236)
	at org.testng.remote.RemoteTestNG.main(RemoteTestNG.java:81)
]]>
    </error>
  </testcase> <!-- SelectBrowser -->
  <testcase name="myTestCase" time="0.006" classname="testNG.PassingParameters">
    <skipped/>
  </testcase> <!-- myTestCase -->
</testsuite> <!-- testNG.PassingParameters -->
